# ---------------- Entry Start ----------------
filename -> /home/kalikanjaro/docs/projects/sequrite/ransomware/src/Makefile
userID -> 1001
Date -> 02/12/2020
Time -> 18:39:58
Access -> 1
Fingerprint -> 26a6ebabc967ad23382f3e532c5bd
ActionFlag -> 0
# ----------------- Entry End -----------------
# ---------------- Entry Start ----------------
filename -> /home/kalikanjaro/docs/projects/sequrite/ransomware/src/Makefile
userID -> 1001
Date -> 02/12/2020
Time -> 18:40:27
Access -> 1
Fingerprint -> 5eba3b174ff64746d3a669be886aea
ActionFlag -> 0
# ----------------- Entry End -----------------
# ---------------- Entry Start ----------------
filename -> /home/kalikanjaro/docs/projects/sequrite/ransomware/src/Makefile
userID -> 1001
Date -> 02/12/2020
Time -> 18:40:46
Access -> 1
Fingerprint -> a4a989ef26a32653ffca66180affb2
ActionFlag -> 0
# ----------------- Entry End -----------------
